2026-03-20 16:25:18.535 INFO  [background-preinit] [] org.hibernate.validator.internal.util.Version - HV000001: Hibernate Validator 8.0.1.Final
2026-03-20 16:25:18.596 INFO  [main] [] com.pm.PmApplication - Starting PmApplication using Java 17.0.18 with PID 19064 (C:\worke\pm-system-server\target\classes started by admin in C:\worke\pm-system-server)
2026-03-20 16:25:18.598 INFO  [main] [] com.pm.PmApplication - No active profile set, falling back to 1 default profile: "default"
2026-03-20 16:25:19.790 INFO  [main] [] o.s.boot.web.embedded.tomcat.TomcatWebServer - Tomcat initialized with port 8080 (http)
2026-03-20 16:25:19.801 INFO  [main] [] org.apache.coyote.http11.Http11NioProtocol - Initializing ProtocolHandler ["http-nio-8080"]
2026-03-20 16:25:19.802 INFO  [main] [] org.apache.catalina.core.StandardService - Starting service [Tomcat]
2026-03-20 16:25:19.803 INFO  [main] [] org.apache.catalina.core.StandardEngine - Starting Servlet engine: [Apache Tomcat/10.1.20]
2026-03-20 16:25:19.871 INFO  [main] [] o.a.c.core.ContainerBase.[Tomcat].[localhost].[/] - Initializing Spring embedded WebApplicationContext
2026-03-20 16:25:19.871 INFO  [main] [] o.s.b.w.s.c.ServletWebServerApplicationContext - Root WebApplicationContext: initialization completed in 1229 ms
2026-03-20 16:25:20.609 WARN  [main] [] o.s.b.a.s.s.UserDetailsServiceAutoConfiguration - 

Using generated security password: 3648e681-680a-4995-aea3-3a1094cce9fc

This generated password is for development use only. Your security configuration must be updated before running your application in production.

2026-03-20 16:25:21.048 INFO  [main] [] org.apache.coyote.http11.Http11NioProtocol - Starting ProtocolHandler ["http-nio-8080"]
2026-03-20 16:25:21.072 INFO  [main] [] o.s.boot.web.embedded.tomcat.TomcatWebServer - Tomcat started on port 8080 (http) with context path ''
2026-03-20 16:25:21.081 INFO  [main] [] com.pm.PmApplication - Started PmApplication in 3.174 seconds (process running for 4.009)
2026-03-20 16:25:21.084 INFO  [main] [] com.pm.common.config.StartupLogger - 应用已启动 | 健康检查: http://localhost:8080/api/getHealth | 登录: http://localhost:8080/api/auth/createLoginToken
2026-03-20 16:25:24.766 INFO  [http-nio-8080-exec-1] [] o.a.c.core.ContainerBase.[Tomcat].[localhost].[/] - Initializing Spring DispatcherServlet 'dispatcherServlet'
2026-03-20 16:25:24.766 INFO  [http-nio-8080-exec-1] [] org.springframework.web.servlet.DispatcherServlet - Initializing Servlet 'dispatcherServlet'
2026-03-20 16:25:24.767 INFO  [http-nio-8080-exec-1] [] org.springframework.web.servlet.DispatcherServlet - Completed initialization in 1 ms
2026-03-20 16:25:24.857 WARN  [http-nio-8080-exec-1] [04065d19324e45ab] com.pm.common.web.AccessLoggingFilter - GET /api/auth/getRoutes 403 87ms
2026-03-20 16:25:24.858 INFO  [http-nio-8080-exec-1] [04065d19324e45ab] com.pm.common.web.AccessLoggingFilter - REQ GET /api/auth/getRoutes headers=host=localhost:8080; connection=close; sec-ch-ua-platform="Windows"; user-agent=Mozilla/5.0 (Windows NT 10.0; Win64; x64) AppleWebKit/537.36 (KHTML, like Gecko) Chrome/139.0.0.0 Safari/537.36; accept=application/json, text/plain, */*; sec-ch-ua="Not;A=Brand";v="99", "Google Chrome";v="139", "Chromium";v="139"; sec-ch-ua-mobile=?0; sec-fetch-site=same-origin; sec-fetch-mode=cors; sec-fetch-dest=empty; referer=http://localhost:8081/; accept-encoding=gzip, deflate, br, zstd; accept-language=zh-CN,zh;q=0.9; 
2026-03-20 16:27:12.166 WARN  [http-nio-8080-exec-2] [07a4480ca72e44bf] com.pm.common.web.AccessLoggingFilter - GET /api/auth/getRoutes 403 7ms
2026-03-20 16:27:12.168 INFO  [http-nio-8080-exec-2] [07a4480ca72e44bf] com.pm.common.web.AccessLoggingFilter - REQ GET /api/auth/getRoutes headers=host=localhost:8080; connection=close; sec-ch-ua-platform="Windows"; user-agent=Mozilla/5.0 (Windows NT 10.0; Win64; x64) AppleWebKit/537.36 (KHTML, like Gecko) Chrome/139.0.0.0 Safari/537.36; accept=application/json, text/plain, */*; sec-ch-ua="Not;A=Brand";v="99", "Google Chrome";v="139", "Chromium";v="139"; sec-ch-ua-mobile=?0; sec-fetch-site=same-origin; sec-fetch-mode=cors; sec-fetch-dest=empty; referer=http://localhost:8081/; accept-encoding=gzip, deflate, br, zstd; accept-language=zh-CN,zh;q=0.9; 
2026-03-20 16:27:50.592 WARN  [http-nio-8080-exec-3] [c65aa004f7174dd4] com.pm.common.web.AccessLoggingFilter - GET /api/auth/getRoutes 403 4ms
2026-03-20 16:27:50.592 INFO  [http-nio-8080-exec-3] [c65aa004f7174dd4] com.pm.common.web.AccessLoggingFilter - REQ GET /api/auth/getRoutes headers=host=localhost:8080; connection=close; sec-ch-ua-platform="Windows"; user-agent=Mozilla/5.0 (Windows NT 10.0; Win64; x64) AppleWebKit/537.36 (KHTML, like Gecko) Chrome/139.0.0.0 Safari/537.36; accept=application/json, text/plain, */*; sec-ch-ua="Not;A=Brand";v="99", "Google Chrome";v="139", "Chromium";v="139"; sec-ch-ua-mobile=?0; sec-fetch-site=same-origin; sec-fetch-mode=cors; sec-fetch-dest=empty; referer=http://localhost:8081/; accept-encoding=gzip, deflate, br, zstd; accept-language=zh-CN,zh;q=0.9; 
2026-03-20 16:27:54.691 WARN  [http-nio-8080-exec-4] [217dfdbb152b4509] com.pm.common.web.AccessLoggingFilter - GET /api/auth/getRoutes 403 3ms
2026-03-20 16:27:54.691 INFO  [http-nio-8080-exec-4] [217dfdbb152b4509] com.pm.common.web.AccessLoggingFilter - REQ GET /api/auth/getRoutes headers=host=localhost:8080; connection=close; sec-ch-ua-platform="Windows"; user-agent=Mozilla/5.0 (Windows NT 10.0; Win64; x64) AppleWebKit/537.36 (KHTML, like Gecko) Chrome/139.0.0.0 Safari/537.36; accept=application/json, text/plain, */*; sec-ch-ua="Not;A=Brand";v="99", "Google Chrome";v="139", "Chromium";v="139"; sec-ch-ua-mobile=?0; sec-fetch-site=same-origin; sec-fetch-mode=cors; sec-fetch-dest=empty; referer=http://localhost:8081/; accept-encoding=gzip, deflate, br, zstd; accept-language=zh-CN,zh;q=0.9; 
2026-03-20 16:28:49.553 WARN  [http-nio-8080-exec-5] [98d78e8736754836] com.pm.common.web.AccessLoggingFilter - GET /api/auth/getRoutes 403 7ms
2026-03-20 16:28:49.555 INFO  [http-nio-8080-exec-5] [98d78e8736754836] com.pm.common.web.AccessLoggingFilter - REQ GET /api/auth/getRoutes headers=host=localhost:8080; connection=close; sec-ch-ua-platform="Windows"; user-agent=Mozilla/5.0 (Windows NT 10.0; Win64; x64) AppleWebKit/537.36 (KHTML, like Gecko) Chrome/139.0.0.0 Safari/537.36; accept=application/json, text/plain, */*; sec-ch-ua="Not;A=Brand";v="99", "Google Chrome";v="139", "Chromium";v="139"; sec-ch-ua-mobile=?0; sec-fetch-site=same-origin; sec-fetch-mode=cors; sec-fetch-dest=empty; referer=http://localhost:8081/; accept-encoding=gzip, deflate, br, zstd; accept-language=zh-CN,zh;q=0.9; 
2026-03-20 16:30:36.016 INFO  [http-nio-8080-exec-6] [93f585a7982c4725] com.zaxxer.hikari.HikariDataSource - HikariPool-1 - Starting...
2026-03-20 16:30:36.616 INFO  [http-nio-8080-exec-6] [93f585a7982c4725] com.zaxxer.hikari.pool.HikariPool - HikariPool-1 - Added connection com.mysql.cj.jdbc.ConnectionImpl@6c2be83e
2026-03-20 16:30:36.616 INFO  [http-nio-8080-exec-6] [93f585a7982c4725] com.zaxxer.hikari.HikariDataSource - HikariPool-1 - Start completed.
2026-03-20 16:30:36.766 INFO  [http-nio-8080-exec-6] [93f585a7982c4725] com.pm.modules.auth.service.impl.AuthServiceImpl - 登录成功 username=admin userId=1
2026-03-20 16:30:36.805 INFO  [http-nio-8080-exec-6] [93f585a7982c4725] com.pm.common.web.AccessLoggingFilter - POST /api/auth/createLoginToken 200 1126ms
2026-03-20 16:30:36.805 INFO  [http-nio-8080-exec-6] [93f585a7982c4725] com.pm.common.web.AccessLoggingFilter - REQ POST /api/auth/createLoginToken headers=host=localhost:8080; connection=close; content-length=42; sec-ch-ua-platform="Windows"; user-agent=Mozilla/5.0 (Windows NT 10.0; Win64; x64) AppleWebKit/537.36 (KHTML, like Gecko) Chrome/139.0.0.0 Safari/537.36; accept=application/json, text/plain, */*; sec-ch-ua="Not;A=Brand";v="99", "Google Chrome";v="139", "Chromium";v="139"; content-type=application/json; sec-ch-ua-mobile=?0; origin=http://localhost:8081; sec-fetch-site=same-origin; sec-fetch-mode=cors; sec-fetch-dest=empty; referer=http://localhost:8081/; accept-encoding=gzip, deflate, br, zstd; accept-language=zh-CN,zh;q=0.9;  body={"username":"admin","password":"***"}
2026-03-20 16:30:36.836 INFO  [http-nio-8080-exec-7] [2738e076a8314a25] com.pm.common.web.AccessLoggingFilter - GET /api/auth/getUserInfo 200 22ms
2026-03-20 16:30:36.836 INFO  [http-nio-8080-exec-7] [2738e076a8314a25] com.pm.common.web.AccessLoggingFilter - REQ GET /api/auth/getUserInfo headers=host=localhost:8080; connection=close; sec-ch-ua-platform="Windows"; user-agent=Mozilla/5.0 (Windows NT 10.0; Win64; x64) AppleWebKit/537.36 (KHTML, like Gecko) Chrome/139.0.0.0 Safari/537.36; accept=application/json, text/plain, */*; sec-ch-ua="Not;A=Brand";v="99", "Google Chrome";v="139", "Chromium";v="139"; sec-ch-ua-mobile=?0; sec-fetch-site=same-origin; sec-fetch-mode=cors; sec-fetch-dest=empty; referer=http://localhost:8081/; accept-encoding=gzip, deflate, br, zstd; accept-language=zh-CN,zh;q=0.9; 
2026-03-20 16:30:54.244 INFO  [http-nio-8080-exec-8] [b0f6bb7effc74a18] com.pm.common.web.AccessLoggingFilter - GET /api/auth/getRoutes 200 123ms
2026-03-20 16:30:54.244 INFO  [http-nio-8080-exec-8] [b0f6bb7effc74a18] com.pm.common.web.AccessLoggingFilter - REQ GET /api/auth/getRoutes headers=host=localhost:8080; connection=close; sec-ch-ua-platform="Windows"; user-agent=Mozilla/5.0 (Windows NT 10.0; Win64; x64) AppleWebKit/537.36 (KHTML, like Gecko) Chrome/139.0.0.0 Safari/537.36; accept=application/json, text/plain, */*; sec-ch-ua="Not;A=Brand";v="99", "Google Chrome";v="139", "Chromium";v="139"; sec-ch-ua-mobile=?0; sec-fetch-site=same-origin; sec-fetch-mode=cors; sec-fetch-dest=empty; referer=http://localhost:8081/; accept-encoding=gzip, deflate, br, zstd; accept-language=zh-CN,zh;q=0.9; 
2026-03-20 16:30:57.240 INFO  [http-nio-8080-exec-9] [a95b3e54aada4627] com.pm.common.web.AccessLoggingFilter - GET /api/auth/getRoutes 200 56ms
2026-03-20 16:30:57.241 INFO  [http-nio-8080-exec-9] [a95b3e54aada4627] com.pm.common.web.AccessLoggingFilter - REQ GET /api/auth/getRoutes headers=host=localhost:8080; connection=close; sec-ch-ua-platform="Windows"; user-agent=Mozilla/5.0 (Windows NT 10.0; Win64; x64) AppleWebKit/537.36 (KHTML, like Gecko) Chrome/139.0.0.0 Safari/537.36; accept=application/json, text/plain, */*; sec-ch-ua="Not;A=Brand";v="99", "Google Chrome";v="139", "Chromium";v="139"; sec-ch-ua-mobile=?0; sec-fetch-site=same-origin; sec-fetch-mode=cors; sec-fetch-dest=empty; referer=http://localhost:8081/; accept-encoding=gzip, deflate, br, zstd; accept-language=zh-CN,zh;q=0.9; 
2026-03-20 16:53:50.227 INFO  [http-nio-8080-exec-10] [35bb7e6967b54681] com.pm.modules.auth.service.impl.AuthServiceImpl - 登录成功 username=admin userId=1
2026-03-20 16:53:50.228 INFO  [http-nio-8080-exec-10] [35bb7e6967b54681] com.pm.common.web.AccessLoggingFilter - POST /api/auth/createLoginToken 200 12ms
2026-03-20 16:53:50.230 INFO  [http-nio-8080-exec-10] [35bb7e6967b54681] com.pm.common.web.AccessLoggingFilter - REQ POST /api/auth/createLoginToken headers=host=localhost:8080; connection=close; content-length=42; sec-ch-ua-platform="Windows"; user-agent=Mozilla/5.0 (Windows NT 10.0; Win64; x64) AppleWebKit/537.36 (KHTML, like Gecko) Chrome/139.0.0.0 Safari/537.36; accept=application/json, text/plain, */*; sec-ch-ua="Not;A=Brand";v="99", "Google Chrome";v="139", "Chromium";v="139"; content-type=application/json; sec-ch-ua-mobile=?0; origin=http://localhost:8081; sec-fetch-site=same-origin; sec-fetch-mode=cors; sec-fetch-dest=empty; referer=http://localhost:8081/; accept-encoding=gzip, deflate, br, zstd; accept-language=zh-CN,zh;q=0.9;  body={"username":"admin","password":"***"}
2026-03-20 16:53:50.242 INFO  [http-nio-8080-exec-1] [e7a1b2fde05b4023] com.pm.common.web.AccessLoggingFilter - GET /api/auth/getUserInfo 200 6ms
2026-03-20 16:53:50.242 INFO  [http-nio-8080-exec-1] [e7a1b2fde05b4023] com.pm.common.web.AccessLoggingFilter - REQ GET /api/auth/getUserInfo headers=host=localhost:8080; connection=close; sec-ch-ua-platform="Windows"; user-agent=Mozilla/5.0 (Windows NT 10.0; Win64; x64) AppleWebKit/537.36 (KHTML, like Gecko) Chrome/139.0.0.0 Safari/537.36; accept=application/json, text/plain, */*; sec-ch-ua="Not;A=Brand";v="99", "Google Chrome";v="139", "Chromium";v="139"; sec-ch-ua-mobile=?0; sec-fetch-site=same-origin; sec-fetch-mode=cors; sec-fetch-dest=empty; referer=http://localhost:8081/; accept-encoding=gzip, deflate, br, zstd; accept-language=zh-CN,zh;q=0.9; 
2026-03-20 16:53:52.256 INFO  [http-nio-8080-exec-2] [64cd5b65b73c4094] com.pm.common.web.AccessLoggingFilter - GET /api/auth/getRoutes 200 35ms
2026-03-20 16:53:52.257 INFO  [http-nio-8080-exec-2] [64cd5b65b73c4094] com.pm.common.web.AccessLoggingFilter - REQ GET /api/auth/getRoutes headers=host=localhost:8080; connection=close; sec-ch-ua-platform="Windows"; user-agent=Mozilla/5.0 (Windows NT 10.0; Win64; x64) AppleWebKit/537.36 (KHTML, like Gecko) Chrome/139.0.0.0 Safari/537.36; accept=application/json, text/plain, */*; sec-ch-ua="Not;A=Brand";v="99", "Google Chrome";v="139", "Chromium";v="139"; sec-ch-ua-mobile=?0; sec-fetch-site=same-origin; sec-fetch-mode=cors; sec-fetch-dest=empty; referer=http://localhost:8081/; accept-encoding=gzip, deflate, br, zstd; accept-language=zh-CN,zh;q=0.9; 
2026-03-20 16:57:01.996 INFO  [http-nio-8080-exec-3] [4e4b976578ae41ae] com.pm.common.web.AccessLoggingFilter - GET /api/auth/getRoutes 200 25ms
2026-03-20 16:57:01.997 INFO  [http-nio-8080-exec-3] [4e4b976578ae41ae] com.pm.common.web.AccessLoggingFilter - REQ GET /api/auth/getRoutes headers=host=localhost:8080; connection=close; sec-ch-ua-platform="Windows"; user-agent=Mozilla/5.0 (Windows NT 10.0; Win64; x64) AppleWebKit/537.36 (KHTML, like Gecko) Chrome/139.0.0.0 Safari/537.36; accept=application/json, text/plain, */*; sec-ch-ua="Not;A=Brand";v="99", "Google Chrome";v="139", "Chromium";v="139"; sec-ch-ua-mobile=?0; sec-fetch-site=same-origin; sec-fetch-mode=cors; sec-fetch-dest=empty; referer=http://localhost:8081/; accept-encoding=gzip, deflate, br, zstd; accept-language=zh-CN,zh;q=0.9; 
2026-03-20 16:57:27.099 INFO  [http-nio-8080-exec-4] [674654eaa3a64785] com.pm.common.web.AccessLoggingFilter - GET /api/auth/getRoutes 200 34ms
2026-03-20 16:57:27.102 INFO  [http-nio-8080-exec-4] [674654eaa3a64785] com.pm.common.web.AccessLoggingFilter - REQ GET /api/auth/getRoutes headers=host=localhost:8080; connection=close; sec-ch-ua-platform="Windows"; user-agent=Mozilla/5.0 (Windows NT 10.0; Win64; x64) AppleWebKit/537.36 (KHTML, like Gecko) Chrome/139.0.0.0 Safari/537.36; accept=application/json, text/plain, */*; sec-ch-ua="Not;A=Brand";v="99", "Google Chrome";v="139", "Chromium";v="139"; sec-ch-ua-mobile=?0; sec-fetch-site=same-origin; sec-fetch-mode=cors; sec-fetch-dest=empty; referer=http://localhost:8081/; accept-encoding=gzip, deflate, br, zstd; accept-language=zh-CN,zh;q=0.9; 
2026-03-20 16:58:51.453 INFO  [http-nio-8080-exec-5] [bbf14e6e9bf64b2b] com.pm.common.web.AccessLoggingFilter - GET /api/auth/getRoutes 200 22ms
2026-03-20 16:58:51.454 INFO  [http-nio-8080-exec-5] [bbf14e6e9bf64b2b] com.pm.common.web.AccessLoggingFilter - REQ GET /api/auth/getRoutes headers=host=localhost:8080; connection=close; sec-ch-ua-platform="Windows"; user-agent=Mozilla/5.0 (Windows NT 10.0; Win64; x64) AppleWebKit/537.36 (KHTML, like Gecko) Chrome/139.0.0.0 Safari/537.36; accept=application/json, text/plain, */*; sec-ch-ua="Not;A=Brand";v="99", "Google Chrome";v="139", "Chromium";v="139"; sec-ch-ua-mobile=?0; sec-fetch-site=same-origin; sec-fetch-mode=cors; sec-fetch-dest=empty; referer=http://localhost:8081/; accept-encoding=gzip, deflate, br, zstd; accept-language=zh-CN,zh;q=0.9; 
2026-03-20 16:58:54.469 ERROR [http-nio-8080-exec-6] [144b9794ea444c3a] com.pm.common.exception.GlobalExceptionHandler - 未处理异常
org.springframework.web.servlet.resource.NoResourceFoundException: No static resource api/system/router/list.
	at org.springframework.web.servlet.resource.ResourceHttpRequestHandler.handleRequest(ResourceHttpRequestHandler.java:585)
	at org.springframework.web.servlet.mvc.HttpRequestHandlerAdapter.handle(HttpRequestHandlerAdapter.java:52)
	at org.springframework.web.servlet.DispatcherServlet.doDispatch(DispatcherServlet.java:1089)
	at org.springframework.web.servlet.DispatcherServlet.doService(DispatcherServlet.java:979)
	at org.springframework.web.servlet.FrameworkServlet.processRequest(FrameworkServlet.java:1014)
	at org.springframework.web.servlet.FrameworkServlet.doGet(FrameworkServlet.java:903)
	at jakarta.servlet.http.HttpServlet.service(HttpServlet.java:564)
	at org.springframework.web.servlet.FrameworkServlet.service(FrameworkServlet.java:885)
	at jakarta.servlet.http.HttpServlet.service(HttpServlet.java:658)
	at org.apache.catalina.core.ApplicationFilterChain.internalDoFilter(ApplicationFilterChain.java:206)
	at org.apache.catalina.core.ApplicationFilterChain.doFilter(ApplicationFilterChain.java:150)
	at org.apache.tomcat.websocket.server.WsFilter.doFilter(WsFilter.java:51)
	at org.apache.catalina.core.ApplicationFilterChain.internalDoFilter(ApplicationFilterChain.java:175)
	at org.apache.catalina.core.ApplicationFilterChain.doFilter(ApplicationFilterChain.java:150)
	at org.springframework.web.filter.OncePerRequestFilter.doFilter(OncePerRequestFilter.java:110)
	at org.apache.catalina.core.ApplicationFilterChain.internalDoFilter(ApplicationFilterChain.java:175)
	at org.apache.catalina.core.ApplicationFilterChain.doFilter(ApplicationFilterChain.java:150)
	at org.springframework.web.filter.CompositeFilter$VirtualFilterChain.doFilter(CompositeFilter.java:108)
	at org.springframework.security.web.FilterChainProxy.lambda$doFilterInternal$3(FilterChainProxy.java:231)
	at org.springframework.security.web.FilterChainProxy$VirtualFilterChain.doFilter(FilterChainProxy.java:365)
	at org.springframework.security.web.access.intercept.AuthorizationFilter.doFilter(AuthorizationFilter.java:100)
	at org.springframework.security.web.FilterChainProxy$VirtualFilterChain.doFilter(FilterChainProxy.java:374)
	at org.springframework.security.web.access.ExceptionTranslationFilter.doFilter(ExceptionTranslationFilter.java:126)
	at org.springframework.security.web.access.ExceptionTranslationFilter.doFilter(ExceptionTranslationFilter.java:120)
	at org.springframework.security.web.FilterChainProxy$VirtualFilterChain.doFilter(FilterChainProxy.java:374)
	at org.springframework.security.web.session.SessionManagementFilter.doFilter(SessionManagementFilter.java:131)
	at org.springframework.security.web.session.SessionManagementFilter.doFilter(SessionManagementFilter.java:85)
	at org.springframework.security.web.FilterChainProxy$VirtualFilterChain.doFilter(FilterChainProxy.java:374)
	at org.springframework.security.web.authentication.AnonymousAuthenticationFilter.doFilter(AnonymousAuthenticationFilter.java:100)
	at org.springframework.security.web.FilterChainProxy$VirtualFilterChain.doFilter(FilterChainProxy.java:374)
	at org.springframework.security.web.servletapi.SecurityContextHolderAwareRequestFilter.doFilter(SecurityContextHolderAwareRequestFilter.java:179)
	at org.springframework.security.web.FilterChainProxy$VirtualFilterChain.doFilter(FilterChainProxy.java:374)
	at org.springframework.security.web.savedrequest.RequestCacheAwareFilter.doFilter(RequestCacheAwareFilter.java:63)
	at org.springframework.security.web.FilterChainProxy$VirtualFilterChain.doFilter(FilterChainProxy.java:374)
	at com.pm.modules.auth.security.JwtAuthenticationFilter.doFilterInternal(JwtAuthenticationFilter.java:54)
	at org.springframework.web.filter.OncePerRequestFilter.doFilter(OncePerRequestFilter.java:116)
	at org.springframework.security.web.FilterChainProxy$VirtualFilterChain.doFilter(FilterChainProxy.java:374)
	at org.springframework.security.web.authentication.logout.LogoutFilter.doFilter(LogoutFilter.java:107)
	at org.springframework.security.web.authentication.logout.LogoutFilter.doFilter(LogoutFilter.java:93)
	at org.springframework.security.web.FilterChainProxy$VirtualFilterChain.doFilter(FilterChainProxy.java:374)
	at org.springframework.web.filter.CorsFilter.doFilterInternal(CorsFilter.java:91)
	at org.springframework.web.filter.OncePerRequestFilter.doFilter(OncePerRequestFilter.java:116)
	at org.springframework.security.web.FilterChainProxy$VirtualFilterChain.doFilter(FilterChainProxy.java:374)
	at org.springframework.security.web.header.HeaderWriterFilter.doHeadersAfter(HeaderWriterFilter.java:90)
	at org.springframework.security.web.header.HeaderWriterFilter.doFilterInternal(HeaderWriterFilter.java:75)
	at org.springframework.web.filter.OncePerRequestFilter.doFilter(OncePerRequestFilter.java:116)
	at org.springframework.security.web.FilterChainProxy$VirtualFilterChain.doFilter(FilterChainProxy.java:374)
	at org.springframework.security.web.context.SecurityContextHolderFilter.doFilter(SecurityContextHolderFilter.java:82)
	at org.springframework.security.web.context.SecurityContextHolderFilter.doFilter(SecurityContextHolderFilter.java:69)
	at org.springframework.security.web.FilterChainProxy$VirtualFilterChain.doFilter(FilterChainProxy.java:374)
	at org.springframework.security.web.context.request.async.WebAsyncManagerIntegrationFilter.doFilterInternal(WebAsyncManagerIntegrationFilter.java:62)
	at org.springframework.web.filter.OncePerRequestFilter.doFilter(OncePerRequestFilter.java:116)
	at org.springframework.security.web.FilterChainProxy$VirtualFilterChain.doFilter(FilterChainProxy.java:374)
	at org.springframework.security.web.session.DisableEncodeUrlFilter.doFilterInternal(DisableEncodeUrlFilter.java:42)
	at org.springframework.web.filter.OncePerRequestFilter.doFilter(OncePerRequestFilter.java:116)
	at org.springframework.security.web.FilterChainProxy$VirtualFilterChain.doFilter(FilterChainProxy.java:374)
	at org.springframework.security.web.FilterChainProxy.doFilterInternal(FilterChainProxy.java:233)
	at org.springframework.security.web.FilterChainProxy.doFilter(FilterChainProxy.java:191)
	at org.springframework.web.filter.CompositeFilter$VirtualFilterChain.doFilter(CompositeFilter.java:113)
	at org.springframework.web.servlet.handler.HandlerMappingIntrospector.lambda$createCacheFilter$3(HandlerMappingIntrospector.java:195)
	at org.springframework.web.filter.CompositeFilter$VirtualFilterChain.doFilter(CompositeFilter.java:113)
	at org.springframework.web.filter.CompositeFilter.doFilter(CompositeFilter.java:74)
	at org.springframework.security.config.annotation.web.configuration.WebMvcSecurityConfiguration$CompositeFilterChainProxy.doFilter(WebMvcSecurityConfiguration.java:230)
	at org.springframework.web.filter.DelegatingFilterProxy.invokeDelegate(DelegatingFilterProxy.java:352)
	at org.springframework.web.filter.DelegatingFilterProxy.doFilter(DelegatingFilterProxy.java:268)
	at org.apache.catalina.core.ApplicationFilterChain.internalDoFilter(ApplicationFilterChain.java:175)
	at org.apache.catalina.core.ApplicationFilterChain.doFilter(ApplicationFilterChain.java:150)
	at org.springframework.web.filter.RequestContextFilter.doFilterInternal(RequestContextFilter.java:100)
	at org.springframework.web.filter.OncePerRequestFilter.doFilter(OncePerRequestFilter.java:116)
	at org.apache.catalina.core.ApplicationFilterChain.internalDoFilter(ApplicationFilterChain.java:175)
	at org.apache.catalina.core.ApplicationFilterChain.doFilter(ApplicationFilterChain.java:150)
	at org.springframework.web.filter.FormContentFilter.doFilterInternal(FormContentFilter.java:93)
	at org.springframework.web.filter.OncePerRequestFilter.doFilter(OncePerRequestFilter.java:116)
	at org.apache.catalina.core.ApplicationFilterChain.internalDoFilter(ApplicationFilterChain.java:175)
	at org.apache.catalina.core.ApplicationFilterChain.doFilter(ApplicationFilterChain.java:150)
	at org.springframework.web.filter.CharacterEncodingFilter.doFilterInternal(CharacterEncodingFilter.java:201)
	at org.springframework.web.filter.OncePerRequestFilter.doFilter(OncePerRequestFilter.java:116)
	at org.apache.catalina.core.ApplicationFilterChain.internalDoFilter(ApplicationFilterChain.java:175)
	at org.apache.catalina.core.ApplicationFilterChain.doFilter(ApplicationFilterChain.java:150)
	at com.pm.common.web.AccessLoggingFilter.doFilterInternal(AccessLoggingFilter.java:43)
	at org.springframework.web.filter.OncePerRequestFilter.doFilter(OncePerRequestFilter.java:116)
	at org.apache.catalina.core.ApplicationFilterChain.internalDoFilter(ApplicationFilterChain.java:175)
	at org.apache.catalina.core.ApplicationFilterChain.doFilter(ApplicationFilterChain.java:150)
	at org.apache.catalina.core.StandardWrapperValve.invoke(StandardWrapperValve.java:167)
	at org.apache.catalina.core.StandardContextValve.invoke(StandardContextValve.java:90)
	at org.apache.catalina.authenticator.AuthenticatorBase.invoke(AuthenticatorBase.java:482)
	at org.apache.catalina.core.StandardHostValve.invoke(StandardHostValve.java:115)
	at org.apache.catalina.valves.ErrorReportValve.invoke(ErrorReportValve.java:93)
	at org.apache.catalina.core.StandardEngineValve.invoke(StandardEngineValve.java:74)
	at org.apache.catalina.connector.CoyoteAdapter.service(CoyoteAdapter.java:344)
	at org.apache.coyote.http11.Http11Processor.service(Http11Processor.java:391)
	at org.apache.coyote.AbstractProcessorLight.process(AbstractProcessorLight.java:63)
	at org.apache.coyote.AbstractProtocol$ConnectionHandler.process(AbstractProtocol.java:896)
	at org.apache.tomcat.util.net.NioEndpoint$SocketProcessor.doRun(NioEndpoint.java:1736)
	at org.apache.tomcat.util.net.SocketProcessorBase.run(SocketProcessorBase.java:52)
	at org.apache.tomcat.util.threads.ThreadPoolExecutor.runWorker(ThreadPoolExecutor.java:1191)
	at org.apache.tomcat.util.threads.ThreadPoolExecutor$Worker.run(ThreadPoolExecutor.java:659)
	at org.apache.tomcat.util.threads.TaskThread$WrappingRunnable.run(TaskThread.java:63)
	at java.base/java.lang.Thread.run(Thread.java:840)
2026-03-20 16:58:54.469 ERROR [http-nio-8080-exec-7] [dc4bad3889fe47ae] com.pm.common.exception.GlobalExceptionHandler - 未处理异常
org.springframework.web.servlet.resource.NoResourceFoundException: No static resource api/system/router/tree.
	at org.springframework.web.servlet.resource.ResourceHttpRequestHandler.handleRequest(ResourceHttpRequestHandler.java:585)
	at org.springframework.web.servlet.mvc.HttpRequestHandlerAdapter.handle(HttpRequestHandlerAdapter.java:52)
	at org.springframework.web.servlet.DispatcherServlet.doDispatch(DispatcherServlet.java:1089)
	at org.springframework.web.servlet.DispatcherServlet.doService(DispatcherServlet.java:979)
	at org.springframework.web.servlet.FrameworkServlet.processRequest(FrameworkServlet.java:1014)
	at org.springframework.web.servlet.FrameworkServlet.doGet(FrameworkServlet.java:903)
	at jakarta.servlet.http.HttpServlet.service(HttpServlet.java:564)
	at org.springframework.web.servlet.FrameworkServlet.service(FrameworkServlet.java:885)
	at jakarta.servlet.http.HttpServlet.service(HttpServlet.java:658)
	at org.apache.catalina.core.ApplicationFilterChain.internalDoFilter(ApplicationFilterChain.java:206)
	at org.apache.catalina.core.ApplicationFilterChain.doFilter(ApplicationFilterChain.java:150)
	at org.apache.tomcat.websocket.server.WsFilter.doFilter(WsFilter.java:51)
	at org.apache.catalina.core.ApplicationFilterChain.internalDoFilter(ApplicationFilterChain.java:175)
	at org.apache.catalina.core.ApplicationFilterChain.doFilter(ApplicationFilterChain.java:150)
	at org.springframework.web.filter.OncePerRequestFilter.doFilter(OncePerRequestFilter.java:110)
	at org.apache.catalina.core.ApplicationFilterChain.internalDoFilter(ApplicationFilterChain.java:175)
	at org.apache.catalina.core.ApplicationFilterChain.doFilter(ApplicationFilterChain.java:150)
	at org.springframework.web.filter.CompositeFilter$VirtualFilterChain.doFilter(CompositeFilter.java:108)
	at org.springframework.security.web.FilterChainProxy.lambda$doFilterInternal$3(FilterChainProxy.java:231)
	at org.springframework.security.web.FilterChainProxy$VirtualFilterChain.doFilter(FilterChainProxy.java:365)
	at org.springframework.security.web.access.intercept.AuthorizationFilter.doFilter(AuthorizationFilter.java:100)
	at org.springframework.security.web.FilterChainProxy$VirtualFilterChain.doFilter(FilterChainProxy.java:374)
	at org.springframework.security.web.access.ExceptionTranslationFilter.doFilter(ExceptionTranslationFilter.java:126)
	at org.springframework.security.web.access.ExceptionTranslationFilter.doFilter(ExceptionTranslationFilter.java:120)
	at org.springframework.security.web.FilterChainProxy$VirtualFilterChain.doFilter(FilterChainProxy.java:374)
	at org.springframework.security.web.session.SessionManagementFilter.doFilter(SessionManagementFilter.java:131)
	at org.springframework.security.web.session.SessionManagementFilter.doFilter(SessionManagementFilter.java:85)
	at org.springframework.security.web.FilterChainProxy$VirtualFilterChain.doFilter(FilterChainProxy.java:374)
	at org.springframework.security.web.authentication.AnonymousAuthenticationFilter.doFilter(AnonymousAuthenticationFilter.java:100)
	at org.springframework.security.web.FilterChainProxy$VirtualFilterChain.doFilter(FilterChainProxy.java:374)
	at org.springframework.security.web.servletapi.SecurityContextHolderAwareRequestFilter.doFilter(SecurityContextHolderAwareRequestFilter.java:179)
	at org.springframework.security.web.FilterChainProxy$VirtualFilterChain.doFilter(FilterChainProxy.java:374)
	at org.springframework.security.web.savedrequest.RequestCacheAwareFilter.doFilter(RequestCacheAwareFilter.java:63)
	at org.springframework.security.web.FilterChainProxy$VirtualFilterChain.doFilter(FilterChainProxy.java:374)
	at com.pm.modules.auth.security.JwtAuthenticationFilter.doFilterInternal(JwtAuthenticationFilter.java:54)
	at org.springframework.web.filter.OncePerRequestFilter.doFilter(OncePerRequestFilter.java:116)
	at org.springframework.security.web.FilterChainProxy$VirtualFilterChain.doFilter(FilterChainProxy.java:374)
	at org.springframework.security.web.authentication.logout.LogoutFilter.doFilter(LogoutFilter.java:107)
	at org.springframework.security.web.authentication.logout.LogoutFilter.doFilter(LogoutFilter.java:93)
	at org.springframework.security.web.FilterChainProxy$VirtualFilterChain.doFilter(FilterChainProxy.java:374)
	at org.springframework.web.filter.CorsFilter.doFilterInternal(CorsFilter.java:91)
	at org.springframework.web.filter.OncePerRequestFilter.doFilter(OncePerRequestFilter.java:116)
	at org.springframework.security.web.FilterChainProxy$VirtualFilterChain.doFilter(FilterChainProxy.java:374)
	at org.springframework.security.web.header.HeaderWriterFilter.doHeadersAfter(HeaderWriterFilter.java:90)
	at org.springframework.security.web.header.HeaderWriterFilter.doFilterInternal(HeaderWriterFilter.java:75)
	at org.springframework.web.filter.OncePerRequestFilter.doFilter(OncePerRequestFilter.java:116)
	at org.springframework.security.web.FilterChainProxy$VirtualFilterChain.doFilter(FilterChainProxy.java:374)
	at org.springframework.security.web.context.SecurityContextHolderFilter.doFilter(SecurityContextHolderFilter.java:82)
	at org.springframework.security.web.context.SecurityContextHolderFilter.doFilter(SecurityContextHolderFilter.java:69)
	at org.springframework.security.web.FilterChainProxy$VirtualFilterChain.doFilter(FilterChainProxy.java:374)
	at org.springframework.security.web.context.request.async.WebAsyncManagerIntegrationFilter.doFilterInternal(WebAsyncManagerIntegrationFilter.java:62)
	at org.springframework.web.filter.OncePerRequestFilter.doFilter(OncePerRequestFilter.java:116)
	at org.springframework.security.web.FilterChainProxy$VirtualFilterChain.doFilter(FilterChainProxy.java:374)
	at org.springframework.security.web.session.DisableEncodeUrlFilter.doFilterInternal(DisableEncodeUrlFilter.java:42)
	at org.springframework.web.filter.OncePerRequestFilter.doFilter(OncePerRequestFilter.java:116)
	at org.springframework.security.web.FilterChainProxy$VirtualFilterChain.doFilter(FilterChainProxy.java:374)
	at org.springframework.security.web.FilterChainProxy.doFilterInternal(FilterChainProxy.java:233)
	at org.springframework.security.web.FilterChainProxy.doFilter(FilterChainProxy.java:191)
	at org.springframework.web.filter.CompositeFilter$VirtualFilterChain.doFilter(CompositeFilter.java:113)
	at org.springframework.web.servlet.handler.HandlerMappingIntrospector.lambda$createCacheFilter$3(HandlerMappingIntrospector.java:195)
	at org.springframework.web.filter.CompositeFilter$VirtualFilterChain.doFilter(CompositeFilter.java:113)
	at org.springframework.web.filter.CompositeFilter.doFilter(CompositeFilter.java:74)
	at org.springframework.security.config.annotation.web.configuration.WebMvcSecurityConfiguration$CompositeFilterChainProxy.doFilter(WebMvcSecurityConfiguration.java:230)
	at org.springframework.web.filter.DelegatingFilterProxy.invokeDelegate(DelegatingFilterProxy.java:352)
	at org.springframework.web.filter.DelegatingFilterProxy.doFilter(DelegatingFilterProxy.java:268)
	at org.apache.catalina.core.ApplicationFilterChain.internalDoFilter(ApplicationFilterChain.java:175)
	at org.apache.catalina.core.ApplicationFilterChain.doFilter(ApplicationFilterChain.java:150)
	at org.springframework.web.filter.RequestContextFilter.doFilterInternal(RequestContextFilter.java:100)
	at org.springframework.web.filter.OncePerRequestFilter.doFilter(OncePerRequestFilter.java:116)
	at org.apache.catalina.core.ApplicationFilterChain.internalDoFilter(ApplicationFilterChain.java:175)
	at org.apache.catalina.core.ApplicationFilterChain.doFilter(ApplicationFilterChain.java:150)
	at org.springframework.web.filter.FormContentFilter.doFilterInternal(FormContentFilter.java:93)
	at org.springframework.web.filter.OncePerRequestFilter.doFilter(OncePerRequestFilter.java:116)
	at org.apache.catalina.core.ApplicationFilterChain.internalDoFilter(ApplicationFilterChain.java:175)
	at org.apache.catalina.core.ApplicationFilterChain.doFilter(ApplicationFilterChain.java:150)
	at org.springframework.web.filter.CharacterEncodingFilter.doFilterInternal(CharacterEncodingFilter.java:201)
	at org.springframework.web.filter.OncePerRequestFilter.doFilter(OncePerRequestFilter.java:116)
	at org.apache.catalina.core.ApplicationFilterChain.internalDoFilter(ApplicationFilterChain.java:175)
	at org.apache.catalina.core.ApplicationFilterChain.doFilter(ApplicationFilterChain.java:150)
	at com.pm.common.web.AccessLoggingFilter.doFilterInternal(AccessLoggingFilter.java:43)
	at org.springframework.web.filter.OncePerRequestFilter.doFilter(OncePerRequestFilter.java:116)
	at org.apache.catalina.core.ApplicationFilterChain.internalDoFilter(ApplicationFilterChain.java:175)
	at org.apache.catalina.core.ApplicationFilterChain.doFilter(ApplicationFilterChain.java:150)
	at org.apache.catalina.core.StandardWrapperValve.invoke(StandardWrapperValve.java:167)
	at org.apache.catalina.core.StandardContextValve.invoke(StandardContextValve.java:90)
	at org.apache.catalina.authenticator.AuthenticatorBase.invoke(AuthenticatorBase.java:482)
	at org.apache.catalina.core.StandardHostValve.invoke(StandardHostValve.java:115)
	at org.apache.catalina.valves.ErrorReportValve.invoke(ErrorReportValve.java:93)
	at org.apache.catalina.core.StandardEngineValve.invoke(StandardEngineValve.java:74)
	at org.apache.catalina.connector.CoyoteAdapter.service(CoyoteAdapter.java:344)
	at org.apache.coyote.http11.Http11Processor.service(Http11Processor.java:391)
	at org.apache.coyote.AbstractProcessorLight.process(AbstractProcessorLight.java:63)
	at org.apache.coyote.AbstractProtocol$ConnectionHandler.process(AbstractProtocol.java:896)
	at org.apache.tomcat.util.net.NioEndpoint$SocketProcessor.doRun(NioEndpoint.java:1736)
	at org.apache.tomcat.util.net.SocketProcessorBase.run(SocketProcessorBase.java:52)
	at org.apache.tomcat.util.threads.ThreadPoolExecutor.runWorker(ThreadPoolExecutor.java:1191)
	at org.apache.tomcat.util.threads.ThreadPoolExecutor$Worker.run(ThreadPoolExecutor.java:659)
	at org.apache.tomcat.util.threads.TaskThread$WrappingRunnable.run(TaskThread.java:63)
	at java.base/java.lang.Thread.run(Thread.java:840)
2026-03-20 16:58:54.482 INFO  [http-nio-8080-exec-7] [dc4bad3889fe47ae] com.pm.common.web.AccessLoggingFilter - GET /api/system/router/tree 200 36ms
2026-03-20 16:58:54.482 INFO  [http-nio-8080-exec-6] [144b9794ea444c3a] com.pm.common.web.AccessLoggingFilter - GET /api/system/router/list?pageNo=1&pageSize=10&name=&path=&metaTitle= 200 36ms
2026-03-20 16:58:54.492 ERROR [http-nio-8080-exec-8] [6fe32c562cf64e32] com.pm.common.exception.GlobalExceptionHandler - 未处理异常
org.springframework.web.servlet.resource.NoResourceFoundException: No static resource api/system/router/list.
	at org.springframework.web.servlet.resource.ResourceHttpRequestHandler.handleRequest(ResourceHttpRequestHandler.java:585)
	at org.springframework.web.servlet.mvc.HttpRequestHandlerAdapter.handle(HttpRequestHandlerAdapter.java:52)
	at org.springframework.web.servlet.DispatcherServlet.doDispatch(DispatcherServlet.java:1089)
	at org.springframework.web.servlet.DispatcherServlet.doService(DispatcherServlet.java:979)
	at org.springframework.web.servlet.FrameworkServlet.processRequest(FrameworkServlet.java:1014)
	at org.springframework.web.servlet.FrameworkServlet.doGet(FrameworkServlet.java:903)
	at jakarta.servlet.http.HttpServlet.service(HttpServlet.java:564)
	at org.springframework.web.servlet.FrameworkServlet.service(FrameworkServlet.java:885)
	at jakarta.servlet.http.HttpServlet.service(HttpServlet.java:658)
	at org.apache.catalina.core.ApplicationFilterChain.internalDoFilter(ApplicationFilterChain.java:206)
	at org.apache.catalina.core.ApplicationFilterChain.doFilter(ApplicationFilterChain.java:150)
	at org.apache.tomcat.websocket.server.WsFilter.doFilter(WsFilter.java:51)
	at org.apache.catalina.core.ApplicationFilterChain.internalDoFilter(ApplicationFilterChain.java:175)
	at org.apache.catalina.core.ApplicationFilterChain.doFilter(ApplicationFilterChain.java:150)
	at org.springframework.web.filter.OncePerRequestFilter.doFilter(OncePerRequestFilter.java:110)
	at org.apache.catalina.core.ApplicationFilterChain.internalDoFilter(ApplicationFilterChain.java:175)
	at org.apache.catalina.core.ApplicationFilterChain.doFilter(ApplicationFilterChain.java:150)
	at org.springframework.web.filter.CompositeFilter$VirtualFilterChain.doFilter(CompositeFilter.java:108)
	at org.springframework.security.web.FilterChainProxy.lambda$doFilterInternal$3(FilterChainProxy.java:231)
	at org.springframework.security.web.FilterChainProxy$VirtualFilterChain.doFilter(FilterChainProxy.java:365)
	at org.springframework.security.web.access.intercept.AuthorizationFilter.doFilter(AuthorizationFilter.java:100)
	at org.springframework.security.web.FilterChainProxy$VirtualFilterChain.doFilter(FilterChainProxy.java:374)
	at org.springframework.security.web.access.ExceptionTranslationFilter.doFilter(ExceptionTranslationFilter.java:126)
	at org.springframework.security.web.access.ExceptionTranslationFilter.doFilter(ExceptionTranslationFilter.java:120)
	at org.springframework.security.web.FilterChainProxy$VirtualFilterChain.doFilter(FilterChainProxy.java:374)
	at org.springframework.security.web.session.SessionManagementFilter.doFilter(SessionManagementFilter.java:131)
	at org.springframework.security.web.session.SessionManagementFilter.doFilter(SessionManagementFilter.java:85)
	at org.springframework.security.web.FilterChainProxy$VirtualFilterChain.doFilter(FilterChainProxy.java:374)
	at org.springframework.security.web.authentication.AnonymousAuthenticationFilter.doFilter(AnonymousAuthenticationFilter.java:100)
	at org.springframework.security.web.FilterChainProxy$VirtualFilterChain.doFilter(FilterChainProxy.java:374)
	at org.springframework.security.web.servletapi.SecurityContextHolderAwareRequestFilter.doFilter(SecurityContextHolderAwareRequestFilter.java:179)
	at org.springframework.security.web.FilterChainProxy$VirtualFilterChain.doFilter(FilterChainProxy.java:374)
	at org.springframework.security.web.savedrequest.RequestCacheAwareFilter.doFilter(RequestCacheAwareFilter.java:63)
	at org.springframework.security.web.FilterChainProxy$VirtualFilterChain.doFilter(FilterChainProxy.java:374)
	at com.pm.modules.auth.security.JwtAuthenticationFilter.doFilterInternal(JwtAuthenticationFilter.java:54)
	at org.springframework.web.filter.OncePerRequestFilter.doFilter(OncePerRequestFilter.java:116)
	at org.springframework.security.web.FilterChainProxy$VirtualFilterChain.doFilter(FilterChainProxy.java:374)
	at org.springframework.security.web.authentication.logout.LogoutFilter.doFilter(LogoutFilter.java:107)
	at org.springframework.security.web.authentication.logout.LogoutFilter.doFilter(LogoutFilter.java:93)
	at org.springframework.security.web.FilterChainProxy$VirtualFilterChain.doFilter(FilterChainProxy.java:374)
	at org.springframework.web.filter.CorsFilter.doFilterInternal(CorsFilter.java:91)
	at org.springframework.web.filter.OncePerRequestFilter.doFilter(OncePerRequestFilter.java:116)
	at org.springframework.security.web.FilterChainProxy$VirtualFilterChain.doFilter(FilterChainProxy.java:374)
	at org.springframework.security.web.header.HeaderWriterFilter.doHeadersAfter(HeaderWriterFilter.java:90)
	at org.springframework.security.web.header.HeaderWriterFilter.doFilterInternal(HeaderWriterFilter.java:75)
	at org.springframework.web.filter.OncePerRequestFilter.doFilter(OncePerRequestFilter.java:116)
	at org.springframework.security.web.FilterChainProxy$VirtualFilterChain.doFilter(FilterChainProxy.java:374)
	at org.springframework.security.web.context.SecurityContextHolderFilter.doFilter(SecurityContextHolderFilter.java:82)
	at org.springframework.security.web.context.SecurityContextHolderFilter.doFilter(SecurityContextHolderFilter.java:69)
	at org.springframework.security.web.FilterChainProxy$VirtualFilterChain.doFilter(FilterChainProxy.java:374)
	at org.springframework.security.web.context.request.async.WebAsyncManagerIntegrationFilter.doFilterInternal(WebAsyncManagerIntegrationFilter.java:62)
	at org.springframework.web.filter.OncePerRequestFilter.doFilter(OncePerRequestFilter.java:116)
	at org.springframework.security.web.FilterChainProxy$VirtualFilterChain.doFilter(FilterChainProxy.java:374)
	at org.springframework.security.web.session.DisableEncodeUrlFilter.doFilterInternal(DisableEncodeUrlFilter.java:42)
	at org.springframework.web.filter.OncePerRequestFilter.doFilter(OncePerRequestFilter.java:116)
	at org.springframework.security.web.FilterChainProxy$VirtualFilterChain.doFilter(FilterChainProxy.java:374)
	at org.springframework.security.web.FilterChainProxy.doFilterInternal(FilterChainProxy.java:233)
	at org.springframework.security.web.FilterChainProxy.doFilter(FilterChainProxy.java:191)
	at org.springframework.web.filter.CompositeFilter$VirtualFilterChain.doFilter(CompositeFilter.java:113)
	at org.springframework.web.servlet.handler.HandlerMappingIntrospector.lambda$createCacheFilter$3(HandlerMappingIntrospector.java:195)
	at org.springframework.web.filter.CompositeFilter$VirtualFilterChain.doFilter(CompositeFilter.java:113)
	at org.springframework.web.filter.CompositeFilter.doFilter(CompositeFilter.java:74)
	at org.springframework.security.config.annotation.web.configuration.WebMvcSecurityConfiguration$CompositeFilterChainProxy.doFilter(WebMvcSecurityConfiguration.java:230)
	at org.springframework.web.filter.DelegatingFilterProxy.invokeDelegate(DelegatingFilterProxy.java:352)
	at org.springframework.web.filter.DelegatingFilterProxy.doFilter(DelegatingFilterProxy.java:268)
	at org.apache.catalina.core.ApplicationFilterChain.internalDoFilter(ApplicationFilterChain.java:175)
	at org.apache.catalina.core.ApplicationFilterChain.doFilter(ApplicationFilterChain.java:150)
	at org.springframework.web.filter.RequestContextFilter.doFilterInternal(RequestContextFilter.java:100)
	at org.springframework.web.filter.OncePerRequestFilter.doFilter(OncePerRequestFilter.java:116)
	at org.apache.catalina.core.ApplicationFilterChain.internalDoFilter(ApplicationFilterChain.java:175)
	at org.apache.catalina.core.ApplicationFilterChain.doFilter(ApplicationFilterChain.java:150)
	at org.springframework.web.filter.FormContentFilter.doFilterInternal(FormContentFilter.java:93)
	at org.springframework.web.filter.OncePerRequestFilter.doFilter(OncePerRequestFilter.java:116)
	at org.apache.catalina.core.ApplicationFilterChain.internalDoFilter(ApplicationFilterChain.java:175)
	at org.apache.catalina.core.ApplicationFilterChain.doFilter(ApplicationFilterChain.java:150)
	at org.springframework.web.filter.CharacterEncodingFilter.doFilterInternal(CharacterEncodingFilter.java:201)
	at org.springframework.web.filter.OncePerRequestFilter.doFilter(OncePerRequestFilter.java:116)
	at org.apache.catalina.core.ApplicationFilterChain.internalDoFilter(ApplicationFilterChain.java:175)
	at org.apache.catalina.core.ApplicationFilterChain.doFilter(ApplicationFilterChain.java:150)
	at com.pm.common.web.AccessLoggingFilter.doFilterInternal(AccessLoggingFilter.java:43)
	at org.springframework.web.filter.OncePerRequestFilter.doFilter(OncePerRequestFilter.java:116)
	at org.apache.catalina.core.ApplicationFilterChain.internalDoFilter(ApplicationFilterChain.java:175)
	at org.apache.catalina.core.ApplicationFilterChain.doFilter(ApplicationFilterChain.java:150)
	at org.apache.catalina.core.StandardWrapperValve.invoke(StandardWrapperValve.java:167)
	at org.apache.catalina.core.StandardContextValve.invoke(StandardContextValve.java:90)
	at org.apache.catalina.authenticator.AuthenticatorBase.invoke(AuthenticatorBase.java:482)
	at org.apache.catalina.core.StandardHostValve.invoke(StandardHostValve.java:115)
	at org.apache.catalina.valves.ErrorReportValve.invoke(ErrorReportValve.java:93)
	at org.apache.catalina.core.StandardEngineValve.invoke(StandardEngineValve.java:74)
	at org.apache.catalina.connector.CoyoteAdapter.service(CoyoteAdapter.java:344)
	at org.apache.coyote.http11.Http11Processor.service(Http11Processor.java:391)
	at org.apache.coyote.AbstractProcessorLight.process(AbstractProcessorLight.java:63)
	at org.apache.coyote.AbstractProtocol$ConnectionHandler.process(AbstractProtocol.java:896)
	at org.apache.tomcat.util.net.NioEndpoint$SocketProcessor.doRun(NioEndpoint.java:1736)
	at org.apache.tomcat.util.net.SocketProcessorBase.run(SocketProcessorBase.java:52)
	at org.apache.tomcat.util.threads.ThreadPoolExecutor.runWorker(ThreadPoolExecutor.java:1191)
	at org.apache.tomcat.util.threads.ThreadPoolExecutor$Worker.run(ThreadPoolExecutor.java:659)
	at org.apache.tomcat.util.threads.TaskThread$WrappingRunnable.run(TaskThread.java:63)
	at java.base/java.lang.Thread.run(Thread.java:840)
2026-03-20 16:58:54.512 INFO  [http-nio-8080-exec-8] [6fe32c562cf64e32] com.pm.common.web.AccessLoggingFilter - GET /api/system/router/list?pageNo=1&pageSize=500 200 19ms
2026-03-20 17:14:39.386 ERROR [http-nio-8080-exec-10] [0d4d89e92dd84ab4] com.pm.common.exception.GlobalExceptionHandler - 未处理异常
org.springframework.web.servlet.resource.NoResourceFoundException: No static resource api/routes/getRouteList.
	at org.springframework.web.servlet.resource.ResourceHttpRequestHandler.handleRequest(ResourceHttpRequestHandler.java:585)
	at org.springframework.web.servlet.mvc.HttpRequestHandlerAdapter.handle(HttpRequestHandlerAdapter.java:52)
	at org.springframework.web.servlet.DispatcherServlet.doDispatch(DispatcherServlet.java:1089)
	at org.springframework.web.servlet.DispatcherServlet.doService(DispatcherServlet.java:979)
	at org.springframework.web.servlet.FrameworkServlet.processRequest(FrameworkServlet.java:1014)
	at org.springframework.web.servlet.FrameworkServlet.doGet(FrameworkServlet.java:903)
	at jakarta.servlet.http.HttpServlet.service(HttpServlet.java:564)
	at org.springframework.web.servlet.FrameworkServlet.service(FrameworkServlet.java:885)
	at jakarta.servlet.http.HttpServlet.service(HttpServlet.java:658)
	at org.apache.catalina.core.ApplicationFilterChain.internalDoFilter(ApplicationFilterChain.java:206)
	at org.apache.catalina.core.ApplicationFilterChain.doFilter(ApplicationFilterChain.java:150)
	at org.apache.tomcat.websocket.server.WsFilter.doFilter(WsFilter.java:51)
	at org.apache.catalina.core.ApplicationFilterChain.internalDoFilter(ApplicationFilterChain.java:175)
	at org.apache.catalina.core.ApplicationFilterChain.doFilter(ApplicationFilterChain.java:150)
	at org.springframework.web.filter.OncePerRequestFilter.doFilter(OncePerRequestFilter.java:110)
	at org.apache.catalina.core.ApplicationFilterChain.internalDoFilter(ApplicationFilterChain.java:175)
	at org.apache.catalina.core.ApplicationFilterChain.doFilter(ApplicationFilterChain.java:150)
	at org.springframework.web.filter.CompositeFilter$VirtualFilterChain.doFilter(CompositeFilter.java:108)
	at org.springframework.security.web.FilterChainProxy.lambda$doFilterInternal$3(FilterChainProxy.java:231)
	at org.springframework.security.web.FilterChainProxy$VirtualFilterChain.doFilter(FilterChainProxy.java:365)
	at org.springframework.security.web.access.intercept.AuthorizationFilter.doFilter(AuthorizationFilter.java:100)
	at org.springframework.security.web.FilterChainProxy$VirtualFilterChain.doFilter(FilterChainProxy.java:374)
	at org.springframework.security.web.access.ExceptionTranslationFilter.doFilter(ExceptionTranslationFilter.java:126)
	at org.springframework.security.web.access.ExceptionTranslationFilter.doFilter(ExceptionTranslationFilter.java:120)
	at org.springframework.security.web.FilterChainProxy$VirtualFilterChain.doFilter(FilterChainProxy.java:374)
	at org.springframework.security.web.session.SessionManagementFilter.doFilter(SessionManagementFilter.java:131)
	at org.springframework.security.web.session.SessionManagementFilter.doFilter(SessionManagementFilter.java:85)
	at org.springframework.security.web.FilterChainProxy$VirtualFilterChain.doFilter(FilterChainProxy.java:374)
	at org.springframework.security.web.authentication.AnonymousAuthenticationFilter.doFilter(AnonymousAuthenticationFilter.java:100)
	at org.springframework.security.web.FilterChainProxy$VirtualFilterChain.doFilter(FilterChainProxy.java:374)
	at org.springframework.security.web.servletapi.SecurityContextHolderAwareRequestFilter.doFilter(SecurityContextHolderAwareRequestFilter.java:179)
	at org.springframework.security.web.FilterChainProxy$VirtualFilterChain.doFilter(FilterChainProxy.java:374)
	at org.springframework.security.web.savedrequest.RequestCacheAwareFilter.doFilter(RequestCacheAwareFilter.java:63)
	at org.springframework.security.web.FilterChainProxy$VirtualFilterChain.doFilter(FilterChainProxy.java:374)
	at com.pm.modules.auth.security.JwtAuthenticationFilter.doFilterInternal(JwtAuthenticationFilter.java:54)
	at org.springframework.web.filter.OncePerRequestFilter.doFilter(OncePerRequestFilter.java:116)
	at org.springframework.security.web.FilterChainProxy$VirtualFilterChain.doFilter(FilterChainProxy.java:374)
	at org.springframework.security.web.authentication.logout.LogoutFilter.doFilter(LogoutFilter.java:107)
	at org.springframework.security.web.authentication.logout.LogoutFilter.doFilter(LogoutFilter.java:93)
	at org.springframework.security.web.FilterChainProxy$VirtualFilterChain.doFilter(FilterChainProxy.java:374)
	at org.springframework.web.filter.CorsFilter.doFilterInternal(CorsFilter.java:91)
	at org.springframework.web.filter.OncePerRequestFilter.doFilter(OncePerRequestFilter.java:116)
	at org.springframework.security.web.FilterChainProxy$VirtualFilterChain.doFilter(FilterChainProxy.java:374)
	at org.springframework.security.web.header.HeaderWriterFilter.doHeadersAfter(HeaderWriterFilter.java:90)
	at org.springframework.security.web.header.HeaderWriterFilter.doFilterInternal(HeaderWriterFilter.java:75)
	at org.springframework.web.filter.OncePerRequestFilter.doFilter(OncePerRequestFilter.java:116)
	at org.springframework.security.web.FilterChainProxy$VirtualFilterChain.doFilter(FilterChainProxy.java:374)
	at org.springframework.security.web.context.SecurityContextHolderFilter.doFilter(SecurityContextHolderFilter.java:82)
	at org.springframework.security.web.context.SecurityContextHolderFilter.doFilter(SecurityContextHolderFilter.java:69)
	at org.springframework.security.web.FilterChainProxy$VirtualFilterChain.doFilter(FilterChainProxy.java:374)
	at org.springframework.security.web.context.request.async.WebAsyncManagerIntegrationFilter.doFilterInternal(WebAsyncManagerIntegrationFilter.java:62)
	at org.springframework.web.filter.OncePerRequestFilter.doFilter(OncePerRequestFilter.java:116)
	at org.springframework.security.web.FilterChainProxy$VirtualFilterChain.doFilter(FilterChainProxy.java:374)
	at org.springframework.security.web.session.DisableEncodeUrlFilter.doFilterInternal(DisableEncodeUrlFilter.java:42)
	at org.springframework.web.filter.OncePerRequestFilter.doFilter(OncePerRequestFilter.java:116)
	at org.springframework.security.web.FilterChainProxy$VirtualFilterChain.doFilter(FilterChainProxy.java:374)
	at org.springframework.security.web.FilterChainProxy.doFilterInternal(FilterChainProxy.java:233)
	at org.springframework.security.web.FilterChainProxy.doFilter(FilterChainProxy.java:191)
	at org.springframework.web.filter.CompositeFilter$VirtualFilterChain.doFilter(CompositeFilter.java:113)
	at org.springframework.web.servlet.handler.HandlerMappingIntrospector.lambda$createCacheFilter$3(HandlerMappingIntrospector.java:195)
	at org.springframework.web.filter.CompositeFilter$VirtualFilterChain.doFilter(CompositeFilter.java:113)
	at org.springframework.web.filter.CompositeFilter.doFilter(CompositeFilter.java:74)
	at org.springframework.security.config.annotation.web.configuration.WebMvcSecurityConfiguration$CompositeFilterChainProxy.doFilter(WebMvcSecurityConfiguration.java:230)
	at org.springframework.web.filter.DelegatingFilterProxy.invokeDelegate(DelegatingFilterProxy.java:352)
	at org.springframework.web.filter.DelegatingFilterProxy.doFilter(DelegatingFilterProxy.java:268)
	at org.apache.catalina.core.ApplicationFilterChain.internalDoFilter(ApplicationFilterChain.java:175)
	at org.apache.catalina.core.ApplicationFilterChain.doFilter(ApplicationFilterChain.java:150)
	at org.springframework.web.filter.RequestContextFilter.doFilterInternal(RequestContextFilter.java:100)
	at org.springframework.web.filter.OncePerRequestFilter.doFilter(OncePerRequestFilter.java:116)
	at org.apache.catalina.core.ApplicationFilterChain.internalDoFilter(ApplicationFilterChain.java:175)
	at org.apache.catalina.core.ApplicationFilterChain.doFilter(ApplicationFilterChain.java:150)
	at org.springframework.web.filter.FormContentFilter.doFilterInternal(FormContentFilter.java:93)
	at org.springframework.web.filter.OncePerRequestFilter.doFilter(OncePerRequestFilter.java:116)
	at org.apache.catalina.core.ApplicationFilterChain.internalDoFilter(ApplicationFilterChain.java:175)
	at org.apache.catalina.core.ApplicationFilterChain.doFilter(ApplicationFilterChain.java:150)
	at org.springframework.web.filter.CharacterEncodingFilter.doFilterInternal(CharacterEncodingFilter.java:201)
	at org.springframework.web.filter.OncePerRequestFilter.doFilter(OncePerRequestFilter.java:116)
	at org.apache.catalina.core.ApplicationFilterChain.internalDoFilter(ApplicationFilterChain.java:175)
	at org.apache.catalina.core.ApplicationFilterChain.doFilter(ApplicationFilterChain.java:150)
	at com.pm.common.web.AccessLoggingFilter.doFilterInternal(AccessLoggingFilter.java:43)
	at org.springframework.web.filter.OncePerRequestFilter.doFilter(OncePerRequestFilter.java:116)
	at org.apache.catalina.core.ApplicationFilterChain.internalDoFilter(ApplicationFilterChain.java:175)
	at org.apache.catalina.core.ApplicationFilterChain.doFilter(ApplicationFilterChain.java:150)
	at org.apache.catalina.core.StandardWrapperValve.invoke(StandardWrapperValve.java:167)
	at org.apache.catalina.core.StandardContextValve.invoke(StandardContextValve.java:90)
	at org.apache.catalina.authenticator.AuthenticatorBase.invoke(AuthenticatorBase.java:482)
	at org.apache.catalina.core.StandardHostValve.invoke(StandardHostValve.java:115)
	at org.apache.catalina.valves.ErrorReportValve.invoke(ErrorReportValve.java:93)
	at org.apache.catalina.core.StandardEngineValve.invoke(StandardEngineValve.java:74)
	at org.apache.catalina.connector.CoyoteAdapter.service(CoyoteAdapter.java:344)
	at org.apache.coyote.http11.Http11Processor.service(Http11Processor.java:391)
	at org.apache.coyote.AbstractProcessorLight.process(AbstractProcessorLight.java:63)
	at org.apache.coyote.AbstractProtocol$ConnectionHandler.process(AbstractProtocol.java:896)
	at org.apache.tomcat.util.net.NioEndpoint$SocketProcessor.doRun(NioEndpoint.java:1736)
	at org.apache.tomcat.util.net.SocketProcessorBase.run(SocketProcessorBase.java:52)
	at org.apache.tomcat.util.threads.ThreadPoolExecutor.runWorker(ThreadPoolExecutor.java:1191)
	at org.apache.tomcat.util.threads.ThreadPoolExecutor$Worker.run(ThreadPoolExecutor.java:659)
	at org.apache.tomcat.util.threads.TaskThread$WrappingRunnable.run(TaskThread.java:63)
	at java.base/java.lang.Thread.run(Thread.java:840)
2026-03-20 17:14:39.395 ERROR [http-nio-8080-exec-9] [d6d71bf000ad4912] com.pm.common.exception.GlobalExceptionHandler - 未处理异常
org.springframework.web.servlet.resource.NoResourceFoundException: No static resource api/routes/getRouteList.
	at org.springframework.web.servlet.resource.ResourceHttpRequestHandler.handleRequest(ResourceHttpRequestHandler.java:585)
	at org.springframework.web.servlet.mvc.HttpRequestHandlerAdapter.handle(HttpRequestHandlerAdapter.java:52)
	at org.springframework.web.servlet.DispatcherServlet.doDispatch(DispatcherServlet.java:1089)
	at org.springframework.web.servlet.DispatcherServlet.doService(DispatcherServlet.java:979)
	at org.springframework.web.servlet.FrameworkServlet.processRequest(FrameworkServlet.java:1014)
	at org.springframework.web.servlet.FrameworkServlet.doGet(FrameworkServlet.java:903)
	at jakarta.servlet.http.HttpServlet.service(HttpServlet.java:564)
	at org.springframework.web.servlet.FrameworkServlet.service(FrameworkServlet.java:885)
	at jakarta.servlet.http.HttpServlet.service(HttpServlet.java:658)
	at org.apache.catalina.core.ApplicationFilterChain.internalDoFilter(ApplicationFilterChain.java:206)
	at org.apache.catalina.core.ApplicationFilterChain.doFilter(ApplicationFilterChain.java:150)
	at org.apache.tomcat.websocket.server.WsFilter.doFilter(WsFilter.java:51)
	at org.apache.catalina.core.ApplicationFilterChain.internalDoFilter(ApplicationFilterChain.java:175)
	at org.apache.catalina.core.ApplicationFilterChain.doFilter(ApplicationFilterChain.java:150)
	at org.springframework.web.filter.OncePerRequestFilter.doFilter(OncePerRequestFilter.java:110)
	at org.apache.catalina.core.ApplicationFilterChain.internalDoFilter(ApplicationFilterChain.java:175)
	at org.apache.catalina.core.ApplicationFilterChain.doFilter(ApplicationFilterChain.java:150)
	at org.springframework.web.filter.CompositeFilter$VirtualFilterChain.doFilter(CompositeFilter.java:108)
	at org.springframework.security.web.FilterChainProxy.lambda$doFilterInternal$3(FilterChainProxy.java:231)
	at org.springframework.security.web.FilterChainProxy$VirtualFilterChain.doFilter(FilterChainProxy.java:365)
	at org.springframework.security.web.access.intercept.AuthorizationFilter.doFilter(AuthorizationFilter.java:100)
	at org.springframework.security.web.FilterChainProxy$VirtualFilterChain.doFilter(FilterChainProxy.java:374)
	at org.springframework.security.web.access.ExceptionTranslationFilter.doFilter(ExceptionTranslationFilter.java:126)
	at org.springframework.security.web.access.ExceptionTranslationFilter.doFilter(ExceptionTranslationFilter.java:120)
	at org.springframework.security.web.FilterChainProxy$VirtualFilterChain.doFilter(FilterChainProxy.java:374)
	at org.springframework.security.web.session.SessionManagementFilter.doFilter(SessionManagementFilter.java:131)
	at org.springframework.security.web.session.SessionManagementFilter.doFilter(SessionManagementFilter.java:85)
	at org.springframework.security.web.FilterChainProxy$VirtualFilterChain.doFilter(FilterChainProxy.java:374)
	at org.springframework.security.web.authentication.AnonymousAuthenticationFilter.doFilter(AnonymousAuthenticationFilter.java:100)
	at org.springframework.security.web.FilterChainProxy$VirtualFilterChain.doFilter(FilterChainProxy.java:374)
	at org.springframework.security.web.servletapi.SecurityContextHolderAwareRequestFilter.doFilter(SecurityContextHolderAwareRequestFilter.java:179)
	at org.springframework.security.web.FilterChainProxy$VirtualFilterChain.doFilter(FilterChainProxy.java:374)
	at org.springframework.security.web.savedrequest.RequestCacheAwareFilter.doFilter(RequestCacheAwareFilter.java:63)
	at org.springframework.security.web.FilterChainProxy$VirtualFilterChain.doFilter(FilterChainProxy.java:374)
	at com.pm.modules.auth.security.JwtAuthenticationFilter.doFilterInternal(JwtAuthenticationFilter.java:54)
	at org.springframework.web.filter.OncePerRequestFilter.doFilter(OncePerRequestFilter.java:116)
	at org.springframework.security.web.FilterChainProxy$VirtualFilterChain.doFilter(FilterChainProxy.java:374)
	at org.springframework.security.web.authentication.logout.LogoutFilter.doFilter(LogoutFilter.java:107)
	at org.springframework.security.web.authentication.logout.LogoutFilter.doFilter(LogoutFilter.java:93)
	at org.springframework.security.web.FilterChainProxy$VirtualFilterChain.doFilter(FilterChainProxy.java:374)
	at org.springframework.web.filter.CorsFilter.doFilterInternal(CorsFilter.java:91)
	at org.springframework.web.filter.OncePerRequestFilter.doFilter(OncePerRequestFilter.java:116)
	at org.springframework.security.web.FilterChainProxy$VirtualFilterChain.doFilter(FilterChainProxy.java:374)
	at org.springframework.security.web.header.HeaderWriterFilter.doHeadersAfter(HeaderWriterFilter.java:90)
	at org.springframework.security.web.header.HeaderWriterFilter.doFilterInternal(HeaderWriterFilter.java:75)
	at org.springframework.web.filter.OncePerRequestFilter.doFilter(OncePerRequestFilter.java:116)
	at org.springframework.security.web.FilterChainProxy$VirtualFilterChain.doFilter(FilterChainProxy.java:374)
	at org.springframework.security.web.context.SecurityContextHolderFilter.doFilter(SecurityContextHolderFilter.java:82)
	at org.springframework.security.web.context.SecurityContextHolderFilter.doFilter(SecurityContextHolderFilter.java:69)
	at org.springframework.security.web.FilterChainProxy$VirtualFilterChain.doFilter(FilterChainProxy.java:374)
	at org.springframework.security.web.context.request.async.WebAsyncManagerIntegrationFilter.doFilterInternal(WebAsyncManagerIntegrationFilter.java:62)
	at org.springframework.web.filter.OncePerRequestFilter.doFilter(OncePerRequestFilter.java:116)
	at org.springframework.security.web.FilterChainProxy$VirtualFilterChain.doFilter(FilterChainProxy.java:374)
	at org.springframework.security.web.session.DisableEncodeUrlFilter.doFilterInternal(DisableEncodeUrlFilter.java:42)
	at org.springframework.web.filter.OncePerRequestFilter.doFilter(OncePerRequestFilter.java:116)
	at org.springframework.security.web.FilterChainProxy$VirtualFilterChain.doFilter(FilterChainProxy.java:374)
	at org.springframework.security.web.FilterChainProxy.doFilterInternal(FilterChainProxy.java:233)
	at org.springframework.security.web.FilterChainProxy.doFilter(FilterChainProxy.java:191)
	at org.springframework.web.filter.CompositeFilter$VirtualFilterChain.doFilter(CompositeFilter.java:113)
	at org.springframework.web.servlet.handler.HandlerMappingIntrospector.lambda$createCacheFilter$3(HandlerMappingIntrospector.java:195)
	at org.springframework.web.filter.CompositeFilter$VirtualFilterChain.doFilter(CompositeFilter.java:113)
	at org.springframework.web.filter.CompositeFilter.doFilter(CompositeFilter.java:74)
	at org.springframework.security.config.annotation.web.configuration.WebMvcSecurityConfiguration$CompositeFilterChainProxy.doFilter(WebMvcSecurityConfiguration.java:230)
	at org.springframework.web.filter.DelegatingFilterProxy.invokeDelegate(DelegatingFilterProxy.java:352)
	at org.springframework.web.filter.DelegatingFilterProxy.doFilter(DelegatingFilterProxy.java:268)
	at org.apache.catalina.core.ApplicationFilterChain.internalDoFilter(ApplicationFilterChain.java:175)
	at org.apache.catalina.core.ApplicationFilterChain.doFilter(ApplicationFilterChain.java:150)
	at org.springframework.web.filter.RequestContextFilter.doFilterInternal(RequestContextFilter.java:100)
	at org.springframework.web.filter.OncePerRequestFilter.doFilter(OncePerRequestFilter.java:116)
	at org.apache.catalina.core.ApplicationFilterChain.internalDoFilter(ApplicationFilterChain.java:175)
	at org.apache.catalina.core.ApplicationFilterChain.doFilter(ApplicationFilterChain.java:150)
	at org.springframework.web.filter.FormContentFilter.doFilterInternal(FormContentFilter.java:93)
	at org.springframework.web.filter.OncePerRequestFilter.doFilter(OncePerRequestFilter.java:116)
	at org.apache.catalina.core.ApplicationFilterChain.internalDoFilter(ApplicationFilterChain.java:175)
	at org.apache.catalina.core.ApplicationFilterChain.doFilter(ApplicationFilterChain.java:150)
	at org.springframework.web.filter.CharacterEncodingFilter.doFilterInternal(CharacterEncodingFilter.java:201)
	at org.springframework.web.filter.OncePerRequestFilter.doFilter(OncePerRequestFilter.java:116)
	at org.apache.catalina.core.ApplicationFilterChain.internalDoFilter(ApplicationFilterChain.java:175)
	at org.apache.catalina.core.ApplicationFilterChain.doFilter(ApplicationFilterChain.java:150)
	at com.pm.common.web.AccessLoggingFilter.doFilterInternal(AccessLoggingFilter.java:43)
	at org.springframework.web.filter.OncePerRequestFilter.doFilter(OncePerRequestFilter.java:116)
	at org.apache.catalina.core.ApplicationFilterChain.internalDoFilter(ApplicationFilterChain.java:175)
	at org.apache.catalina.core.ApplicationFilterChain.doFilter(ApplicationFilterChain.java:150)
	at org.apache.catalina.core.StandardWrapperValve.invoke(StandardWrapperValve.java:167)
	at org.apache.catalina.core.StandardContextValve.invoke(StandardContextValve.java:90)
	at org.apache.catalina.authenticator.AuthenticatorBase.invoke(AuthenticatorBase.java:482)
	at org.apache.catalina.core.StandardHostValve.invoke(StandardHostValve.java:115)
	at org.apache.catalina.valves.ErrorReportValve.invoke(ErrorReportValve.java:93)
	at org.apache.catalina.core.StandardEngineValve.invoke(StandardEngineValve.java:74)
	at org.apache.catalina.connector.CoyoteAdapter.service(CoyoteAdapter.java:344)
	at org.apache.coyote.http11.Http11Processor.service(Http11Processor.java:391)
	at org.apache.coyote.AbstractProcessorLight.process(AbstractProcessorLight.java:63)
	at org.apache.coyote.AbstractProtocol$ConnectionHandler.process(AbstractProtocol.java:896)
	at org.apache.tomcat.util.net.NioEndpoint$SocketProcessor.doRun(NioEndpoint.java:1736)
	at org.apache.tomcat.util.net.SocketProcessorBase.run(SocketProcessorBase.java:52)
	at org.apache.tomcat.util.threads.ThreadPoolExecutor.runWorker(ThreadPoolExecutor.java:1191)
	at org.apache.tomcat.util.threads.ThreadPoolExecutor$Worker.run(ThreadPoolExecutor.java:659)
	at org.apache.tomcat.util.threads.TaskThread$WrappingRunnable.run(TaskThread.java:63)
	at java.base/java.lang.Thread.run(Thread.java:840)
2026-03-20 17:14:39.395 INFO  [http-nio-8080-exec-9] [d6d71bf000ad4912] com.pm.common.web.AccessLoggingFilter - GET /api/routes/getRouteList?pageNo=1&pageSize=10 200 20ms
2026-03-20 17:14:39.395 INFO  [http-nio-8080-exec-10] [0d4d89e92dd84ab4] com.pm.common.web.AccessLoggingFilter - GET /api/routes/getRouteList?pageNo=1&pageSize=500 200 20ms
2026-03-20 17:14:51.277 INFO  [SpringApplicationShutdownHook] [] com.zaxxer.hikari.HikariDataSource - HikariPool-1 - Shutdown initiated...
2026-03-20 17:14:51.286 INFO  [SpringApplicationShutdownHook] [] com.zaxxer.hikari.HikariDataSource - HikariPool-1 - Shutdown completed.
2026-03-20 17:14:58.304 INFO  [background-preinit] [] org.hibernate.validator.internal.util.Version - HV000001: Hibernate Validator 8.0.1.Final
2026-03-20 17:14:58.348 INFO  [main] [] com.pm.PmApplication - Starting PmApplication using Java 17.0.18 with PID 10716 (C:\worke\pm-system-server\target\classes started by admin in C:\worke\pm-system-server)
2026-03-20 17:14:58.349 INFO  [main] [] com.pm.PmApplication - No active profile set, falling back to 1 default profile: "default"
2026-03-20 17:14:59.320 INFO  [main] [] o.s.boot.web.embedded.tomcat.TomcatWebServer - Tomcat initialized with port 8080 (http)
2026-03-20 17:14:59.329 INFO  [main] [] org.apache.coyote.http11.Http11NioProtocol - Initializing ProtocolHandler ["http-nio-8080"]
2026-03-20 17:14:59.331 INFO  [main] [] org.apache.catalina.core.StandardService - Starting service [Tomcat]
2026-03-20 17:14:59.331 INFO  [main] [] org.apache.catalina.core.StandardEngine - Starting Servlet engine: [Apache Tomcat/10.1.20]
2026-03-20 17:14:59.392 INFO  [main] [] o.a.c.core.ContainerBase.[Tomcat].[localhost].[/] - Initializing Spring embedded WebApplicationContext
2026-03-20 17:14:59.392 INFO  [main] [] o.s.b.w.s.c.ServletWebServerApplicationContext - Root WebApplicationContext: initialization completed in 1007 ms
2026-03-20 17:14:59.979 WARN  [main] [] o.s.b.a.s.s.UserDetailsServiceAutoConfiguration - 

Using generated security password: 848a88e0-4f72-4324-8fca-e73db558a4c6

This generated password is for development use only. Your security configuration must be updated before running your application in production.

2026-03-20 17:15:00.363 INFO  [main] [] org.apache.coyote.http11.Http11NioProtocol - Starting ProtocolHandler ["http-nio-8080"]
2026-03-20 17:15:00.381 INFO  [main] [] o.s.boot.web.embedded.tomcat.TomcatWebServer - Tomcat started on port 8080 (http) with context path ''
2026-03-20 17:15:00.387 INFO  [main] [] com.pm.PmApplication - Started PmApplication in 2.596 seconds (process running for 3.307)
2026-03-20 17:15:00.391 INFO  [main] [] com.pm.common.config.StartupLogger - 应用已启动 | 健康检查: http://localhost:8080/api/getHealth | 登录: http://localhost:8080/api/auth/createLoginToken
2026-03-20 17:17:16.744 INFO  [http-nio-8080-exec-1] [] o.a.c.core.ContainerBase.[Tomcat].[localhost].[/] - Initializing Spring DispatcherServlet 'dispatcherServlet'
2026-03-20 17:17:16.745 INFO  [http-nio-8080-exec-1] [] org.springframework.web.servlet.DispatcherServlet - Initializing Servlet 'dispatcherServlet'
2026-03-20 17:17:16.746 INFO  [http-nio-8080-exec-1] [] org.springframework.web.servlet.DispatcherServlet - Completed initialization in 1 ms
2026-03-20 17:17:17.037 INFO  [http-nio-8080-exec-1] [5c6f54b9aeef4142] com.zaxxer.hikari.HikariDataSource - HikariPool-1 - Starting...
2026-03-20 17:17:17.504 INFO  [http-nio-8080-exec-1] [5c6f54b9aeef4142] com.zaxxer.hikari.pool.HikariPool - HikariPool-1 - Added connection com.mysql.cj.jdbc.ConnectionImpl@6438ed0f
2026-03-20 17:17:17.506 INFO  [http-nio-8080-exec-1] [5c6f54b9aeef4142] com.zaxxer.hikari.HikariDataSource - HikariPool-1 - Start completed.
2026-03-20 17:17:17.720 INFO  [http-nio-8080-exec-1] [5c6f54b9aeef4142] com.pm.common.web.AccessLoggingFilter - GET /api/auth/getRoutes 200 975ms
2026-03-20 17:17:17.720 INFO  [http-nio-8080-exec-1] [5c6f54b9aeef4142] com.pm.common.web.AccessLoggingFilter - REQ GET /api/auth/getRoutes headers=host=localhost:8080; connection=close; sec-ch-ua-platform="Windows"; user-agent=Mozilla/5.0 (Windows NT 10.0; Win64; x64) AppleWebKit/537.36 (KHTML, like Gecko) Chrome/139.0.0.0 Safari/537.36; accept=application/json, text/plain, */*; sec-ch-ua="Not;A=Brand";v="99", "Google Chrome";v="139", "Chromium";v="139"; sec-ch-ua-mobile=?0; sec-fetch-site=same-origin; sec-fetch-mode=cors; sec-fetch-dest=empty; referer=http://localhost:8081/; accept-encoding=gzip, deflate, br, zstd; accept-language=zh-CN,zh;q=0.9; 
2026-03-20 17:17:18.003 INFO  [http-nio-8080-exec-3] [113f8ce29a6f4610] com.pm.common.web.AccessLoggingFilter - GET /api/routes/getRouteList?pageNo=1&pageSize=10 200 144ms
2026-03-20 17:17:18.003 INFO  [http-nio-8080-exec-2] [f3322eb9753a4eff] com.pm.common.web.AccessLoggingFilter - GET /api/routes/getRouteList?pageNo=1&pageSize=500 200 148ms
2026-03-20 17:17:27.164 INFO  [http-nio-8080-exec-4] [925e762737184f93] com.pm.common.web.AccessLoggingFilter - GET /api/routes/getRouteById/2100 200 10ms
2026-03-20 17:19:51.774 INFO  [http-nio-8080-exec-5] [4130d212e8374006] com.pm.common.web.AccessLoggingFilter - GET /api/routes/getRouteList?pageNo=1&pageSize=2000 200 25ms
2026-03-20 17:20:31.195 INFO  [http-nio-8080-exec-6] [e95e9f6eba7a4a1e] com.pm.common.web.AccessLoggingFilter - GET /api/auth/getRoutes 200 26ms
2026-03-20 17:20:31.196 INFO  [http-nio-8080-exec-6] [e95e9f6eba7a4a1e] com.pm.common.web.AccessLoggingFilter - REQ GET /api/auth/getRoutes headers=host=localhost:8080; connection=close; sec-ch-ua-platform="Windows"; user-agent=Mozilla/5.0 (Windows NT 10.0; Win64; x64) AppleWebKit/537.36 (KHTML, like Gecko) Chrome/139.0.0.0 Safari/537.36; accept=application/json, text/plain, */*; sec-ch-ua="Not;A=Brand";v="99", "Google Chrome";v="139", "Chromium";v="139"; sec-ch-ua-mobile=?0; sec-fetch-site=same-origin; sec-fetch-mode=cors; sec-fetch-dest=empty; referer=http://localhost:8081/; accept-encoding=gzip, deflate, br, zstd; accept-language=zh-CN,zh;q=0.9; 
2026-03-20 17:20:31.330 INFO  [http-nio-8080-exec-10] [4ba3d2e954b14b7b] com.pm.common.web.AccessLoggingFilter - GET /api/routes/getRouteList?pageNo=1&pageSize=2000 200 27ms
2026-03-20 17:25:39.691 INFO  [http-nio-8080-exec-8] [f415e42b8e814658] com.pm.common.web.AccessLoggingFilter - GET /api/auth/getRoutes 200 25ms
2026-03-20 17:25:39.692 INFO  [http-nio-8080-exec-8] [f415e42b8e814658] com.pm.common.web.AccessLoggingFilter - REQ GET /api/auth/getRoutes headers=host=localhost:8080; connection=close; sec-ch-ua-platform="Windows"; user-agent=Mozilla/5.0 (Windows NT 10.0; Win64; x64) AppleWebKit/537.36 (KHTML, like Gecko) Chrome/139.0.0.0 Safari/537.36; accept=application/json, text/plain, */*; sec-ch-ua="Not;A=Brand";v="99", "Google Chrome";v="139", "Chromium";v="139"; sec-ch-ua-mobile=?0; sec-fetch-site=same-origin; sec-fetch-mode=cors; sec-fetch-dest=empty; referer=http://localhost:8081/; accept-encoding=gzip, deflate, br, zstd; accept-language=zh-CN,zh;q=0.9; 
2026-03-20 17:25:45.732 INFO  [http-nio-8080-exec-9] [21c987ddb356405f] com.pm.common.web.AccessLoggingFilter - GET /api/auth/getRoutes 200 59ms
2026-03-20 17:25:45.733 INFO  [http-nio-8080-exec-9] [21c987ddb356405f] com.pm.common.web.AccessLoggingFilter - REQ GET /api/auth/getRoutes headers=host=localhost:8080; connection=close; sec-ch-ua-platform="Windows"; user-agent=Mozilla/5.0 (Windows NT 10.0; Win64; x64) AppleWebKit/537.36 (KHTML, like Gecko) Chrome/139.0.0.0 Safari/537.36; accept=application/json, text/plain, */*; sec-ch-ua="Not;A=Brand";v="99", "Google Chrome";v="139", "Chromium";v="139"; sec-ch-ua-mobile=?0; sec-fetch-site=same-origin; sec-fetch-mode=cors; sec-fetch-dest=empty; referer=http://localhost:8081/; accept-encoding=gzip, deflate, br, zstd; accept-language=zh-CN,zh;q=0.9; 
2026-03-20 17:34:33.545 INFO  [http-nio-8080-exec-7] [8b4631264bf54f84] com.pm.common.web.AccessLoggingFilter - GET /api/auth/getRoutes 200 26ms
2026-03-20 17:34:33.546 INFO  [http-nio-8080-exec-7] [8b4631264bf54f84] com.pm.common.web.AccessLoggingFilter - REQ GET /api/auth/getRoutes headers=host=localhost:8080; connection=close; sec-ch-ua-platform="Windows"; user-agent=Mozilla/5.0 (Windows NT 10.0; Win64; x64) AppleWebKit/537.36 (KHTML, like Gecko) Chrome/139.0.0.0 Safari/537.36; accept=application/json, text/plain, */*; sec-ch-ua="Not;A=Brand";v="99", "Google Chrome";v="139", "Chromium";v="139"; sec-ch-ua-mobile=?0; sec-fetch-site=same-origin; sec-fetch-mode=cors; sec-fetch-dest=empty; referer=http://localhost:8081/; accept-encoding=gzip, deflate, br, zstd; accept-language=zh-CN,zh;q=0.9; 
2026-03-20 17:34:33.671 INFO  [http-nio-8080-exec-1] [99fdb4b516254e63] com.pm.common.web.AccessLoggingFilter - GET /api/auth/getRoutes 200 27ms
2026-03-20 17:34:33.671 INFO  [http-nio-8080-exec-1] [99fdb4b516254e63] com.pm.common.web.AccessLoggingFilter - REQ GET /api/auth/getRoutes headers=host=localhost:8080; connection=close; sec-ch-ua-platform="Windows"; user-agent=Mozilla/5.0 (Windows NT 10.0; Win64; x64) AppleWebKit/537.36 (KHTML, like Gecko) Chrome/139.0.0.0 Safari/537.36; accept=application/json, text/plain, */*; sec-ch-ua="Not;A=Brand";v="99", "Google Chrome";v="139", "Chromium";v="139"; sec-ch-ua-mobile=?0; sec-fetch-site=same-origin; sec-fetch-mode=cors; sec-fetch-dest=empty; referer=http://localhost:8081/; accept-encoding=gzip, deflate, br, zstd; accept-language=zh-CN,zh;q=0.9; 
